almoraqbp0serves/app/build/intermediates/manifest_merge_blame_file/debug/processDebugMainManifest/manifest-merger-blame-debug-report.txt
1<?xml version="1.0" encoding="utf-8"?>
2<manifest xmlns:android="http://schemas.android.com/apk/res/android"
3    package="com.mohmmedali.almoraqebpro"
4    android:versionCode="26"
5    android:versionName="4.0.1" >
6
7    <uses-sdk
8        android:minSdkVersion="26"
9        android:targetSdkVersion="34" />
10
11    <uses-permission android:name="android.permission.INTERNET" />
11-->src/main/AndroidManifest.xml:4:5-67
11-->src/main/AndroidManifest.xml:4:22-64
12    <uses-permission android:name="android.permission.ACCESS_NETWORK_STATE" />
12-->src/main/AndroidManifest.xml:5:5-79
12-->src/main/AndroidManifest.xml:5:22-76
13    <uses-permission android:name="android.permission.ACCESS_FINE_LOCATION" />
13-->src/main/AndroidManifest.xml:6:5-79
13-->src/main/AndroidManifest.xml:6:22-76
14    <uses-permission android:name="android.permission.ACCESS_COARSE_LOCATION" />
14-->src/main/AndroidManifest.xml:7:5-81
14-->src/main/AndroidManifest.xml:7:22-78
15    <uses-permission android:name="android.permission.USE_BIOMETRIC" />
15-->src/main/AndroidManifest.xml:8:5-72
15-->src/main/AndroidManifest.xml:8:22-69
16    <uses-permission android:name="android.permission.FOREGROUND_SERVICE" />
16-->src/main/AndroidManifest.xml:9:5-77
16-->src/main/AndroidManifest.xml:9:22-74
17    <uses-permission android:name="android.permission.WAKE_LOCK" />
17-->src/main/AndroidManifest.xml:10:5-68
17-->src/main/AndroidManifest.xml:10:22-65
18    <!-- suppress DeprecatedClassUsageInspection -->
19    <uses-permission android:name="android.permission.USE_FINGERPRINT" />
19-->[androidx.biometric:biometric:1.1.0] AndroidManifest.xml:27:5-74
19-->[androidx.biometric:biometric:1.1.0] AndroidManifest.xml:27:22-71
20    <uses-permission android:name="android.permission.RECEIVE_BOOT_COMPLETED" />
20-->[androidx.work:work-runtime:2.9.0] AndroidManifest.xml:25:5-81
20-->[androidx.work:work-runtime:2.9.0] AndroidManifest.xml:25:22-78
21
22    <permission
22-->[androidx.core:core:1.12.0] AndroidManifest.xml:22:5-24:47
23        android:name="com.mohmmedali.almoraqebpro.DYNAMIC_RECEIVER_NOT_EXPORTED_PERMISSION"
23-->[androidx.core:core:1.12.0] AndroidManifest.xml:23:9-81
24        android:protectionLevel="signature" />
24-->[androidx.core:core:1.12.0] AndroidManifest.xml:24:9-44
25
26    <uses-permission android:name="com.mohmmedali.almoraqebpro.DYNAMIC_RECEIVER_NOT_EXPORTED_PERMISSION" />
26-->[androidx.core:core:1.12.0] AndroidManifest.xml:26:5-97
26-->[androidx.core:core:1.12.0] AndroidManifest.xml:26:22-94
27
28    <application
28-->src/main/AndroidManifest.xml:12:5-40:19
29        android:allowBackup="true"
29-->src/main/AndroidManifest.xml:13:9-35
30        android:appComponentFactory="androidx.core.app.CoreComponentFactory"
30-->[androidx.core:core:1.12.0] AndroidManifest.xml:28:18-86
31        android:debuggable="true"
32        android:extractNativeLibs="false"
33        android:icon="@mipmap/ic_launcher"
33-->src/main/AndroidManifest.xml:14:9-43
34        android:label="@string/app_name"
34-->src/main/AndroidManifest.xml:15:9-41
35        android:roundIcon="@mipmap/ic_launcher_round"
35-->src/main/AndroidManifest.xml:16:9-54
36        android:supportsRtl="true"
36-->src/main/AndroidManifest.xml:17:9-35
37        android:theme="@style/Theme.AppCompat.DayNight.DarkActionBar" >
37-->src/main/AndroidManifest.xml:18:9-70
38        <activity
38-->src/main/AndroidManifest.xml:20:9-27:20
39            android:name="com.mohmmedali.almoraqebpro.ui.LoginActivity"
39-->src/main/AndroidManifest.xml:21:13-45
40            android:exported="true" >
40-->src/main/AndroidManifest.xml:22:13-36
41            <intent-filter>
41-->src/main/AndroidManifest.xml:23:13-26:29
42                <action android:name="android.intent.action.MAIN" />
42-->src/main/AndroidManifest.xml:24:17-69
42-->src/main/AndroidManifest.xml:24:25-66
43
44                <category android:name="android.intent.category.LAUNCHER" />
44-->src/main/AndroidManifest.xml:25:17-77
44-->src/main/AndroidManifest.xml:25:27-74
45            </intent-filter>
46        </activity>
47        <activity
47-->src/main/AndroidManifest.xml:29:9-83
48            android:name="com.mohmmedali.almoraqebpro.ui.DashboardActivity"
48-->src/main/AndroidManifest.xml:29:19-55
49            android:exported="false" />
49-->src/main/AndroidManifest.xml:29:56-80
50        <activity
50-->src/main/AndroidManifest.xml:30:9-82
51            android:name="com.mohmmedali.almoraqebpro.ui.SettingsActivity"
51-->src/main/AndroidManifest.xml:30:19-54
52            android:exported="false" />
52-->src/main/AndroidManifest.xml:30:55-79
53        <activity
53-->src/main/AndroidManifest.xml:31:9-81
54            android:name="com.mohmmedali.almoraqebpro.ui.SupportActivity"
54-->src/main/AndroidManifest.xml:31:19-53
55            android:exported="false" />
55-->src/main/AndroidManifest.xml:31:54-78
56        <activity
56-->src/main/AndroidManifest.xml:32:9-90
57            android:name="com.mohmmedali.almoraqebpro.ui.RegisterEmployeeActivity"
57-->src/main/AndroidManifest.xml:32:19-62
58            android:exported="false" />
58-->src/main/AndroidManifest.xml:32:63-87
59        <activity
59-->src/main/AndroidManifest.xml:33:9-84
60            android:name="com.mohmmedali.almoraqebpro.ui.MyRequestsActivity"
60-->src/main/AndroidManifest.xml:33:19-56
61            android:exported="false" />
61-->src/main/AndroidManifest.xml:33:57-81
62        <activity
62-->src/main/AndroidManifest.xml:34:9-91
63            android:name="com.mohmmedali.almoraqebpro.ui.AttendanceHistoryActivity"
63-->src/main/AndroidManifest.xml:34:19-63
64            android:exported="false" />
64-->src/main/AndroidManifest.xml:34:64-88
65        <activity
65-->src/main/AndroidManifest.xml:35:9-82
66            android:name="com.mohmmedali.almoraqebpro.ui.FirstAidActivity"
66-->src/main/AndroidManifest.xml:35:19-54
67            android:exported="false" />
67-->src/main/AndroidManifest.xml:35:55-79
68        <activity
68-->src/main/AndroidManifest.xml:36:9-87
69            android:name="com.mohmmedali.almoraqebpro.ui.AccountStatusActivity"
69-->src/main/AndroidManifest.xml:36:19-59
70            android:exported="false" />
70-->src/main/AndroidManifest.xml:36:60-84
71        <activity
71-->src/main/AndroidManifest.xml:37:9-82
72            android:name="com.mohmmedali.almoraqebpro.ui.ServicesActivity"
72-->src/main/AndroidManifest.xml:37:19-54
73            android:exported="false" />
73-->src/main/AndroidManifest.xml:37:55-79
74        <activity
74-->src/main/AndroidManifest.xml:38:9-86
75            android:name="com.mohmmedali.almoraqebpro.ui.NotificationActivity"
75-->src/main/AndroidManifest.xml:38:19-58
76            android:exported="false" />
76-->src/main/AndroidManifest.xml:38:59-83
77
78        <provider
78-->[androidx.emoji2:emoji2:1.2.0] AndroidManifest.xml:24:9-32:20
79            android:name="androidx.startup.InitializationProvider"
79-->[androidx.emoji2:emoji2:1.2.0] AndroidManifest.xml:25:13-67
80            android:authorities="com.mohmmedali.almoraqebpro.androidx-startup"
80-->[androidx.emoji2:emoji2:1.2.0] AndroidManifest.xml:26:13-68
81            android:exported="false" >
81-->[androidx.emoji2:emoji2:1.2.0] AndroidManifest.xml:27:13-37
82            <meta-data
82-->[androidx.emoji2:emoji2:1.2.0] AndroidManifest.xml:29:13-31:52
83                android:name="androidx.emoji2.text.EmojiCompatInitializer"
83-->[androidx.emoji2:emoji2:1.2.0] AndroidManifest.xml:30:17-75
84                android:value="androidx.startup" />
84-->[androidx.emoji2:emoji2:1.2.0] AndroidManifest.xml:31:17-49
85            <meta-data
85-->[androidx.work:work-runtime:2.9.0] AndroidManifest.xml:34:13-36:52
86                android:name="androidx.work.WorkManagerInitializer"
86-->[androidx.work:work-runtime:2.9.0] AndroidManifest.xml:35:17-68
87                android:value="androidx.startup" />
87-->[androidx.work:work-runtime:2.9.0] AndroidManifest.xml:36:17-49
88            <meta-data
88-->[androidx.lifecycle:lifecycle-process:2.7.0] AndroidManifest.xml:29:13-31:52
89                android:name="androidx.lifecycle.ProcessLifecycleInitializer"
89-->[androidx.lifecycle:lifecycle-process:2.7.0] AndroidManifest.xml:30:17-78
90                android:value="androidx.startup" />
90-->[androidx.lifecycle:lifecycle-process:2.7.0] AndroidManifest.xml:31:17-49
91            <meta-data
91-->[androidx.profileinstaller:profileinstaller:1.3.0] AndroidManifest.xml:29:13-31:52
92                android:name="androidx.profileinstaller.ProfileInstallerInitializer"
92-->[androidx.profileinstaller:profileinstaller:1.3.0] AndroidManifest.xml:30:17-85
93                android:value="androidx.startup" />
93-->[androidx.profileinstaller:profileinstaller:1.3.0] AndroidManifest.xml:31:17-49
94        </provider>
95
96        <activity
96-->[com.google.android.gms:play-services-base:18.1.0] AndroidManifest.xml:20:9-22:45
97            android:name="com.google.android.gms.common.api.GoogleApiActivity"
97-->[com.google.android.gms:play-services-base:18.1.0] AndroidManifest.xml:20:19-85
98            android:exported="false"
98-->[com.google.android.gms:play-services-base:18.1.0] AndroidManifest.xml:22:19-43
99            android:theme="@android:style/Theme.Translucent.NoTitleBar" />
99-->[com.google.android.gms:play-services-base:18.1.0] AndroidManifest.xml:21:19-78
100
101        <meta-data
101-->[com.google.android.gms:play-services-basement:18.1.0] AndroidManifest.xml:21:9-23:69
102            android:name="com.google.android.gms.version"
102-->[com.google.android.gms:play-services-basement:18.1.0] AndroidManifest.xml:22:13-58
103            android:value="@integer/google_play_services_version" />
103-->[com.google.android.gms:play-services-basement:18.1.0] AndroidManifest.xml:23:13-66
104
105        <service
105-->[androidx.work:work-runtime:2.9.0] AndroidManifest.xml:39:9-45:35
106            android:name="androidx.work.impl.background.systemalarm.SystemAlarmService"
106-->[androidx.work:work-runtime:2.9.0] AndroidManifest.xml:40:13-88
107            android:directBootAware="false"
107-->[androidx.work:work-runtime:2.9.0] AndroidManifest.xml:41:13-44
108            android:enabled="@bool/enable_system_alarm_service_default"
108-->[androidx.work:work-runtime:2.9.0] AndroidManifest.xml:42:13-72
109            android:exported="false" />
109-->[androidx.work:work-runtime:2.9.0] AndroidManifest.xml:43:13-37
110        <service
110-->[androidx.work:work-runtime:2.9.0] AndroidManifest.xml:46:9-52:35
111            android:name="androidx.work.impl.background.systemjob.SystemJobService"
111-->[androidx.work:work-runtime:2.9.0] AndroidManifest.xml:47:13-84
112            android:directBootAware="false"
112-->[androidx.work:work-runtime:2.9.0] AndroidManifest.xml:48:13-44
113            android:enabled="@bool/enable_system_job_service_default"
113-->[androidx.work:work-runtime:2.9.0] AndroidManifest.xml:49:13-70
114            android:exported="true"
114-->[androidx.work:work-runtime:2.9.0] AndroidManifest.xml:50:13-36
115            android:permission="android.permission.BIND_JOB_SERVICE" />
115-->[androidx.work:work-runtime:2.9.0] AndroidManifest.xml:51:13-69
116        <service
116-->[androidx.work:work-runtime:2.9.0] AndroidManifest.xml:53:9-59:35
117            android:name="androidx.work.impl.foreground.SystemForegroundService"
117-->[androidx.work:work-runtime:2.9.0] AndroidManifest.xml:54:13-81
118            android:directBootAware="false"
118-->[androidx.work:work-runtime:2.9.0] AndroidManifest.xml:55:13-44
119            android:enabled="@bool/enable_system_foreground_service_default"
119-->[androidx.work:work-runtime:2.9.0] AndroidManifest.xml:56:13-77
120            android:exported="false" />
120-->[androidx.work:work-runtime:2.9.0] AndroidManifest.xml:57:13-37
121
122        <receiver
122-->[androidx.work:work-runtime:2.9.0] AndroidManifest.xml:61:9-66:35
123            android:name="androidx.work.impl.utils.ForceStopRunnable$BroadcastReceiver"
123-->[androidx.work:work-runtime:2.9.0] AndroidManifest.xml:62:13-88
124            android:directBootAware="false"
124-->[androidx.work:work-runtime:2.9.0] AndroidManifest.xml:63:13-44
125            android:enabled="true"
125-->[androidx.work:work-runtime:2.9.0] AndroidManifest.xml:64:13-35
126            android:exported="false" />
126-->[androidx.work:work-runtime:2.9.0] AndroidManifest.xml:65:13-37
127        <receiver
127-->[androidx.work:work-runtime:2.9.0] AndroidManifest.xml:67:9-77:20
128            android:name="androidx.work.impl.background.systemalarm.ConstraintProxy$BatteryChargingProxy"
128-->[androidx.work:work-runtime:2.9.0] AndroidManifest.xml:68:13-106
129            android:directBootAware="false"
129-->[androidx.work:work-runtime:2.9.0] AndroidManifest.xml:69:13-44
130            android:enabled="false"
130-->[androidx.work:work-runtime:2.9.0] AndroidManifest.xml:70:13-36
131            android:exported="false" >
131-->[androidx.work:work-runtime:2.9.0] AndroidManifest.xml:71:13-37
132            <intent-filter>
132-->[androidx.work:work-runtime:2.9.0] AndroidManifest.xml:73:13-76:29
133                <action android:name="android.intent.action.ACTION_POWER_CONNECTED" />
133-->[androidx.work:work-runtime:2.9.0] AndroidManifest.xml:74:17-87
133-->[androidx.work:work-runtime:2.9.0] AndroidManifest.xml:74:25-84
134                <action android:name="android.intent.action.ACTION_POWER_DISCONNECTED" />
134-->[androidx.work:work-runtime:2.9.0] AndroidManifest.xml:75:17-90
134-->[androidx.work:work-runtime:2.9.0] AndroidManifest.xml:75:25-87
135            </intent-filter>
136        </receiver>
137        <receiver
137-->[androidx.work:work-runtime:2.9.0] AndroidManifest.xml:78:9-88:20
138            android:name="androidx.work.impl.background.systemalarm.ConstraintProxy$BatteryNotLowProxy"
138-->[androidx.work:work-runtime:2.9.0] AndroidManifest.xml:79:13-104
139            android:directBootAware="false"
139-->[androidx.work:work-runtime:2.9.0] AndroidManifest.xml:80:13-44
140            android:enabled="false"
140-->[androidx.work:work-runtime:2.9.0] AndroidManifest.xml:81:13-36
141            android:exported="false" >
141-->[androidx.work:work-runtime:2.9.0] AndroidManifest.xml:82:13-37
142            <intent-filter>
142-->[androidx.work:work-runtime:2.9.0] AndroidManifest.xml:84:13-87:29
143                <action android:name="android.intent.action.BATTERY_OKAY" />
143-->[androidx.work:work-runtime:2.9.0] AndroidManifest.xml:85:17-77
143-->[androidx.work:work-runtime:2.9.0] AndroidManifest.xml:85:25-74
144                <action android:name="android.intent.action.BATTERY_LOW" />
144-->[androidx.work:work-runtime:2.9.0] AndroidManifest.xml:86:17-76
144-->[androidx.work:work-runtime:2.9.0] AndroidManifest.xml:86:25-73
145            </intent-filter>
146        </receiver>
147        <receiver
147-->[androidx.work:work-runtime:2.9.0] AndroidManifest.xml:89:9-99:20
148            android:name="androidx.work.impl.background.systemalarm.ConstraintProxy$StorageNotLowProxy"
148-->[androidx.work:work-runtime:2.9.0] AndroidManifest.xml:90:13-104
149            android:directBootAware="false"
149-->[androidx.work:work-runtime:2.9.0] AndroidManifest.xml:91:13-44
150            android:enabled="false"
150-->[androidx.work:work-runtime:2.9.0] AndroidManifest.xml:92:13-36
151            android:exported="false" >
151-->[androidx.work:work-runtime:2.9.0] AndroidManifest.xml:93:13-37
152            <intent-filter>
152-->[androidx.work:work-runtime:2.9.0] AndroidManifest.xml:95:13-98:29
153                <action android:name="android.intent.action.DEVICE_STORAGE_LOW" />
153-->[androidx.work:work-runtime:2.9.0] AndroidManifest.xml:96:17-83
153-->[androidx.work:work-runtime:2.9.0] AndroidManifest.xml:96:25-80
154                <action android:name="android.intent.action.DEVICE_STORAGE_OK" />
154-->[androidx.work:work-runtime:2.9.0] AndroidManifest.xml:97:17-82
154-->[androidx.work:work-runtime:2.9.0] AndroidManifest.xml:97:25-79
155            </intent-filter>
156        </receiver>
157        <receiver
157-->[androidx.work:work-runtime:2.9.0] AndroidManifest.xml:100:9-109:20
158            android:name="androidx.work.impl.background.systemalarm.ConstraintProxy$NetworkStateProxy"
158-->[androidx.work:work-runtime:2.9.0] AndroidManifest.xml:101:13-103
159            android:directBootAware="false"
159-->[androidx.work:work-runtime:2.9.0] AndroidManifest.xml:102:13-44
160            android:enabled="false"
160-->[androidx.work:work-runtime:2.9.0] AndroidManifest.xml:103:13-36
161            android:exported="false" >
161-->[androidx.work:work-runtime:2.9.0] AndroidManifest.xml:104:13-37
162            <intent-filter>
162-->[androidx.work:work-runtime:2.9.0] AndroidManifest.xml:106:13-108:29
163                <action android:name="android.net.conn.CONNECTIVITY_CHANGE" />
163-->[androidx.work:work-runtime:2.9.0] AndroidManifest.xml:107:17-79
163-->[androidx.work:work-runtime:2.9.0] AndroidManifest.xml:107:25-76
164            </intent-filter>
165        </receiver>
166        <receiver
166-->[androidx.work:work-runtime:2.9.0] AndroidManifest.xml:110:9-121:20
167            android:name="androidx.work.impl.background.systemalarm.RescheduleReceiver"
167-->[androidx.work:work-runtime:2.9.0] AndroidManifest.xml:111:13-88
168            android:directBootAware="false"
168-->[androidx.work:work-runtime:2.9.0] AndroidManifest.xml:112:13-44
169            android:enabled="false"
169-->[androidx.work:work-runtime:2.9.0] AndroidManifest.xml:113:13-36
170            android:exported="false" >
170-->[androidx.work:work-runtime:2.9.0] AndroidManifest.xml:114:13-37
171            <intent-filter>
171-->[androidx.work:work-runtime:2.9.0] AndroidManifest.xml:116:13-120:29
172                <action android:name="android.intent.action.BOOT_COMPLETED" />
172-->[androidx.work:work-runtime:2.9.0] AndroidManifest.xml:117:17-79
172-->[androidx.work:work-runtime:2.9.0] AndroidManifest.xml:117:25-76
173                <action android:name="android.intent.action.TIME_SET" />
173-->[androidx.work:work-runtime:2.9.0] AndroidManifest.xml:118:17-73
173-->[androidx.work:work-runtime:2.9.0] AndroidManifest.xml:118:25-70
174                <action android:name="android.intent.action.TIMEZONE_CHANGED" />
174-->[androidx.work:work-runtime:2.9.0] AndroidManifest.xml:119:17-81
174-->[androidx.work:work-runtime:2.9.0] AndroidManifest.xml:119:25-78
175            </intent-filter>
176        </receiver>
177        <receiver
177-->[androidx.work:work-runtime:2.9.0] AndroidManifest.xml:122:9-131:20
178            android:name="androidx.work.impl.background.systemalarm.ConstraintProxyUpdateReceiver"
178-->[androidx.work:work-runtime:2.9.0] AndroidManifest.xml:123:13-99
179            android:directBootAware="false"
179-->[androidx.work:work-runtime:2.9.0] AndroidManifest.xml:124:13-44
180            android:enabled="@bool/enable_system_alarm_service_default"
180-->[androidx.work:work-runtime:2.9.0] AndroidManifest.xml:125:13-72
181            android:exported="false" >
181-->[androidx.work:work-runtime:2.9.0] AndroidManifest.xml:126:13-37
182            <intent-filter>
182-->[androidx.work:work-runtime:2.9.0] AndroidManifest.xml:128:13-130:29
183                <action android:name="androidx.work.impl.background.systemalarm.UpdateProxies" />
183-->[androidx.work:work-runtime:2.9.0] AndroidManifest.xml:129:17-98
183-->[androidx.work:work-runtime:2.9.0] AndroidManifest.xml:129:25-95
184            </intent-filter>
185        </receiver>
186        <receiver
186-->[androidx.work:work-runtime:2.9.0] AndroidManifest.xml:132:9-142:20
187            android:name="androidx.work.impl.diagnostics.DiagnosticsReceiver"
187-->[androidx.work:work-runtime:2.9.0] AndroidManifest.xml:133:13-78
188            android:directBootAware="false"
188-->[androidx.work:work-runtime:2.9.0] AndroidManifest.xml:134:13-44
189            android:enabled="true"
189-->[androidx.work:work-runtime:2.9.0] AndroidManifest.xml:135:13-35
190            android:exported="true"
190-->[androidx.work:work-runtime:2.9.0] AndroidManifest.xml:136:13-36
191            android:permission="android.permission.DUMP" >
191-->[androidx.work:work-runtime:2.9.0] AndroidManifest.xml:137:13-57
192            <intent-filter>
192-->[androidx.work:work-runtime:2.9.0] AndroidManifest.xml:139:13-141:29
193                <action android:name="androidx.work.diagnostics.REQUEST_DIAGNOSTICS" />
193-->[androidx.work:work-runtime:2.9.0] AndroidManifest.xml:140:17-88
193-->[androidx.work:work-runtime:2.9.0] AndroidManifest.xml:140:25-85
194            </intent-filter>
195        </receiver>
196
197        <service
197-->[androidx.room:room-runtime:2.6.1] AndroidManifest.xml:24:9-28:63
198            android:name="androidx.room.MultiInstanceInvalidationService"
198-->[androidx.room:room-runtime:2.6.1] AndroidManifest.xml:25:13-74
199            android:directBootAware="true"
199-->[androidx.room:room-runtime:2.6.1] AndroidManifest.xml:26:13-43
200            android:exported="false" />
200-->[androidx.room:room-runtime:2.6.1] AndroidManifest.xml:27:13-37
201
202        <receiver
202-->[androidx.profileinstaller:profileinstaller:1.3.0] AndroidManifest.xml:34:9-52:20
203            android:name="androidx.profileinstaller.ProfileInstallReceiver"
203-->[androidx.profileinstaller:profileinstaller:1.3.0] AndroidManifest.xml:35:13-76
204            android:directBootAware="false"
204-->[androidx.profileinstaller:profileinstaller:1.3.0] AndroidManifest.xml:36:13-44
205            android:enabled="true"
205-->[androidx.profileinstaller:profileinstaller:1.3.0] AndroidManifest.xml:37:13-35
206            android:exported="true"
206-->[androidx.profileinstaller:profileinstaller:1.3.0] AndroidManifest.xml:38:13-36
207            android:permission="android.permission.DUMP" >
207-->[androidx.profileinstaller:profileinstaller:1.3.0] AndroidManifest.xml:39:13-57
208            <intent-filter>
208-->[androidx.profileinstaller:profileinstaller:1.3.0] AndroidManifest.xml:40:13-42:29
209                <action android:name="androidx.profileinstaller.action.INSTALL_PROFILE" />
209-->[androidx.profileinstaller:profileinstaller:1.3.0] AndroidManifest.xml:41:17-91
209-->[androidx.profileinstaller:profileinstaller:1.3.0] AndroidManifest.xml:41:25-88
210            </intent-filter>
211            <intent-filter>
211-->[androidx.profileinstaller:profileinstaller:1.3.0] AndroidManifest.xml:43:13-45:29
212                <action android:name="androidx.profileinstaller.action.SKIP_FILE" />
212-->[androidx.profileinstaller:profileinstaller:1.3.0] AndroidManifest.xml:44:17-85
212-->[androidx.profileinstaller:profileinstaller:1.3.0] AndroidManifest.xml:44:25-82
213            </intent-filter>
214            <intent-filter>
214-->[androidx.profileinstaller:profileinstaller:1.3.0] AndroidManifest.xml:46:13-48:29
215                <action android:name="androidx.profileinstaller.action.SAVE_PROFILE" />
215-->[androidx.profileinstaller:profileinstaller:1.3.0] AndroidManifest.xml:47:17-88
215-->[androidx.profileinstaller:profileinstaller:1.3.0] AndroidManifest.xml:47:25-85
216            </intent-filter>
217            <intent-filter>
217-->[androidx.profileinstaller:profileinstaller:1.3.0] AndroidManifest.xml:49:13-51:29
218                <action android:name="androidx.profileinstaller.action.BENCHMARK_OPERATION" />
218-->[androidx.profileinstaller:profileinstaller:1.3.0] AndroidManifest.xml:50:17-95
218-->[androidx.profileinstaller:profileinstaller:1.3.0] AndroidManifest.xml:50:25-92
219            </intent-filter>
220        </receiver>
221    </application>
222
223</manifest>